TN:
SF:static\app.js
FN:93,(anonymous_0)
FN:102,initAudio
FN:119,(anonymous_2)
FN:122,(anonymous_3)
FN:125,(anonymous_4)
FN:135,loadProviders
FN:152,loadFromLocalStorage
FN:171,saveToLocalStorage
FN:177,initEventListeners
FN:179,(anonymous_9)
FN:180,(anonymous_10)
FN:183,(anonymous_11)
FN:196,(anonymous_12)
FN:202,(anonymous_13)
FN:208,(anonymous_14)
FN:216,(anonymous_15)
FN:224,(anonymous_16)
FN:236,(anonymous_17)
FN:247,(anonymous_18)
FN:248,(anonymous_19)
FN:251,(anonymous_20)
FN:258,(anonymous_21)
FN:271,(anonymous_22)
FN:277,(anonymous_23)
FN:283,(anonymous_24)
FN:291,(anonymous_25)
FN:299,(anonymous_26)
FN:305,(anonymous_27)
FN:312,(anonymous_28)
FN:319,(anonymous_29)
FN:326,(anonymous_30)
FN:332,(anonymous_31)
FN:338,(anonymous_32)
FN:344,(anonymous_33)
FN:350,(anonymous_34)
FN:356,(anonymous_35)
FN:361,(anonymous_36)
FN:367,(anonymous_37)
FN:371,(anonymous_38)
FN:380,updateStartButtonState
FN:390,(anonymous_40)
FN:410,toggleSettingsModal
FN:418,toggleRoleEditModal
FN:422,toggleMvpVoteModal
FN:426,toggleGameOverModal
FN:430,toggleApiErrorModal
FN:434,showTransitionOverlay
FN:440,(anonymous_47)
FN:442,(anonymous_48)
FN:451,renderRolesGrid
FN:455,(anonymous_50)
FN:458,(anonymous_51)
FN:474,editRole
FN:515,(anonymous_53)
FN:537,saveRoleChanges
FN:551,(anonymous_55)
FN:565,optimizeRolePrompt
FN:570,(anonymous_57)
FN:612,renderProviders
FN:622,(anonymous_59)
FN:662,addNewProvider
FN:676,saveApiConfig
FN:682,(anonymous_62)
FN:737,(anonymous_63)
FN:742,deleteProvider
FN:760,loadGameConfigs
FN:771,startGame
FN:825,(anonymous_67)
FN:863,(anonymous_68)
FN:880,getRoleIdForSeat
FN:890,connectWS
FN:902,(anonymous_71)
FN:906,(anonymous_72)
FN:911,(anonymous_73)
FN:915,(anonymous_74)
FN:920,togglePause
FN:930,returnToHome
FN:998,enqueueMessage
FN:1006,processNextMessage
FN:1019,(anonymous_79)
FN:1020,(anonymous_80)
FN:1042,(anonymous_81)
FN:1045,handleGameMessage
FN:1142,onGameStart
FN:1162,(anonymous_84)
FN:1166,onPhaseChange
FN:1171,(anonymous_86)
FN:1172,(anonymous_87)
FN:1192,onNightResult
FN:1199,(anonymous_89)
FN:1227,onCurrentSpeaker
FN:1236,onSpeech
FN:1237,(anonymous_92)
FN:1238,(anonymous_93)
FN:1288,typeWriter
FN:1299,(anonymous_95)
FN:1310,(anonymous_96)
FN:1332,onVoteStart
FN:1338,onVoteDetails
FN:1342,playVoteAnimationWithDetails
FN:1368,(anonymous_100)
FN:1369,(anonymous_101)
FN:1371,(anonymous_102)
FN:1384,(anonymous_103)
FN:1387,(anonymous_104)
FN:1413,(anonymous_105)
FN:1444,onVoteResult
FN:1449,(anonymous_107)
FN:1480,onHunterResult
FN:1482,(anonymous_109)
FN:1503,onGameOver
FN:1526,showMVPVote
FN:1532,(anonymous_112)
FN:1538,(anonymous_113)
FN:1543,(anonymous_114)
FN:1544,(anonymous_115)
FN:1557,(anonymous_116)
FN:1569,(anonymous_117)
FN:1572,(anonymous_118)
FN:1589,submitMVPVote
FN:1595,(anonymous_120)
FN:1602,showGameOverModal
FN:1611,(anonymous_122)
FN:1636,renderSeats
FN:1656,(anonymous_124)
FN:1690,highlightSpeaker
FN:1691,(anonymous_126)
FN:1696,unhighlightSpeaker
FN:1701,updateCenterText
FN:1706,(anonymous_129)
FN:1711,updateGameStep
FN:1767,showCenterBanner
FN:1776,(anonymous_132)
FN:1778,(anonymous_133)
FN:1782,playNightActionAnimations
FN:1794,(anonymous_135)
FN:1798,(anonymous_136)
FN:1802,(anonymous_137)
FN:1839,(anonymous_138)
FN:1854,(anonymous_139)
FN:1865,(anonymous_140)
FN:1878,extractTargetFromAction
FN:1898,showActionLine
FN:1948,(anonymous_143)
FN:1952,(anonymous_144)
FN:1959,showActionTooltip
FN:1972,(anonymous_146)
FN:1978,getRoleInfo
FN:1990,getAvatarForRole
FN:2005,playTone
FN:2028,playSound
FN:2070,(anonymous_151)
FN:2071,(anonymous_152)
FN:2075,(anonymous_153)
FN:2079,(anonymous_154)
FN:2080,(anonymous_155)
FN:2091,delay
FN:2092,(anonymous_157)
FN:2095,shuffleArray
FN:2104,shakeElement
FN:2106,(anonymous_160)
FN:2111,showEulogyOverlay
FN:2124,(anonymous_162)
FN:2129,hideEulogyOverlay
FN:2139,nextSpeech
FN:2178,(anonymous_165)
FN:2218,toggleAutoPlay
FN:2238,submitVote
FNF:168
FNH:0
FNDA:0,(anonymous_0)
FNDA:0,initAudio
FNDA:0,(anonymous_2)
FNDA:0,(anonymous_3)
FNDA:0,(anonymous_4)
FNDA:0,loadProviders
FNDA:0,loadFromLocalStorage
FNDA:0,saveToLocalStorage
FNDA:0,initEventListeners
FNDA:0,(anonymous_9)
FNDA:0,(anonymous_10)
FNDA:0,(anonymous_11)
FNDA:0,(anonymous_12)
FNDA:0,(anonymous_13)
FNDA:0,(anonymous_14)
FNDA:0,(anonymous_15)
FNDA:0,(anonymous_16)
FNDA:0,(anonymous_17)
FNDA:0,(anonymous_18)
FNDA:0,(anonymous_19)
FNDA:0,(anonymous_20)
FNDA:0,(anonymous_21)
FNDA:0,(anonymous_22)
FNDA:0,(anonymous_23)
FNDA:0,(anonymous_24)
FNDA:0,(anonymous_25)
FNDA:0,(anonymous_26)
FNDA:0,(anonymous_27)
FNDA:0,(anonymous_28)
FNDA:0,(anonymous_29)
FNDA:0,(anonymous_30)
FNDA:0,(anonymous_31)
FNDA:0,(anonymous_32)
FNDA:0,(anonymous_33)
FNDA:0,(anonymous_34)
FNDA:0,(anonymous_35)
FNDA:0,(anonymous_36)
FNDA:0,(anonymous_37)
FNDA:0,(anonymous_38)
FNDA:0,updateStartButtonState
FNDA:0,(anonymous_40)
FNDA:0,toggleSettingsModal
FNDA:0,toggleRoleEditModal
FNDA:0,toggleMvpVoteModal
FNDA:0,toggleGameOverModal
FNDA:0,toggleApiErrorModal
FNDA:0,showTransitionOverlay
FNDA:0,(anonymous_47)
FNDA:0,(anonymous_48)
FNDA:0,renderRolesGrid
FNDA:0,(anonymous_50)
FNDA:0,(anonymous_51)
FNDA:0,editRole
FNDA:0,(anonymous_53)
FNDA:0,saveRoleChanges
FNDA:0,(anonymous_55)
FNDA:0,optimizeRolePrompt
FNDA:0,(anonymous_57)
FNDA:0,renderProviders
FNDA:0,(anonymous_59)
FNDA:0,addNewProvider
FNDA:0,saveApiConfig
FNDA:0,(anonymous_62)
FNDA:0,(anonymous_63)
FNDA:0,deleteProvider
FNDA:0,loadGameConfigs
FNDA:0,startGame
FNDA:0,(anonymous_67)
FNDA:0,(anonymous_68)
FNDA:0,getRoleIdForSeat
FNDA:0,connectWS
FNDA:0,(anonymous_71)
FNDA:0,(anonymous_72)
FNDA:0,(anonymous_73)
FNDA:0,(anonymous_74)
FNDA:0,togglePause
FNDA:0,returnToHome
FNDA:0,enqueueMessage
FNDA:0,processNextMessage
FNDA:0,(anonymous_79)
FNDA:0,(anonymous_80)
FNDA:0,(anonymous_81)
FNDA:0,handleGameMessage
FNDA:0,onGameStart
FNDA:0,(anonymous_84)
FNDA:0,onPhaseChange
FNDA:0,(anonymous_86)
FNDA:0,(anonymous_87)
FNDA:0,onNightResult
FNDA:0,(anonymous_89)
FNDA:0,onCurrentSpeaker
FNDA:0,onSpeech
FNDA:0,(anonymous_92)
FNDA:0,(anonymous_93)
FNDA:0,typeWriter
FNDA:0,(anonymous_95)
FNDA:0,(anonymous_96)
FNDA:0,onVoteStart
FNDA:0,onVoteDetails
FNDA:0,playVoteAnimationWithDetails
FNDA:0,(anonymous_100)
FNDA:0,(anonymous_101)
FNDA:0,(anonymous_102)
FNDA:0,(anonymous_103)
FNDA:0,(anonymous_104)
FNDA:0,(anonymous_105)
FNDA:0,onVoteResult
FNDA:0,(anonymous_107)
FNDA:0,onHunterResult
FNDA:0,(anonymous_109)
FNDA:0,onGameOver
FNDA:0,showMVPVote
FNDA:0,(anonymous_112)
FNDA:0,(anonymous_113)
FNDA:0,(anonymous_114)
FNDA:0,(anonymous_115)
FNDA:0,(anonymous_116)
FNDA:0,(anonymous_117)
FNDA:0,(anonymous_118)
FNDA:0,submitMVPVote
FNDA:0,(anonymous_120)
FNDA:0,showGameOverModal
FNDA:0,(anonymous_122)
FNDA:0,renderSeats
FNDA:0,(anonymous_124)
FNDA:0,highlightSpeaker
FNDA:0,(anonymous_126)
FNDA:0,unhighlightSpeaker
FNDA:0,updateCenterText
FNDA:0,(anonymous_129)
FNDA:0,updateGameStep
FNDA:0,showCenterBanner
FNDA:0,(anonymous_132)
FNDA:0,(anonymous_133)
FNDA:0,playNightActionAnimations
FNDA:0,(anonymous_135)
FNDA:0,(anonymous_136)
FNDA:0,(anonymous_137)
FNDA:0,(anonymous_138)
FNDA:0,(anonymous_139)
FNDA:0,(anonymous_140)
FNDA:0,extractTargetFromAction
FNDA:0,showActionLine
FNDA:0,(anonymous_143)
FNDA:0,(anonymous_144)
FNDA:0,showActionTooltip
FNDA:0,(anonymous_146)
FNDA:0,getRoleInfo
FNDA:0,getAvatarForRole
FNDA:0,playTone
FNDA:0,playSound
FNDA:0,(anonymous_151)
FNDA:0,(anonymous_152)
FNDA:0,(anonymous_153)
FNDA:0,(anonymous_154)
FNDA:0,(anonymous_155)
FNDA:0,delay
FNDA:0,(anonymous_157)
FNDA:0,shuffleArray
FNDA:0,shakeElement
FNDA:0,(anonymous_160)
FNDA:0,showEulogyOverlay
FNDA:0,(anonymous_162)
FNDA:0,hideEulogyOverlay
FNDA:0,nextSpeech
FNDA:0,(anonymous_165)
FNDA:0,toggleAutoPlay
FNDA:0,submitVote
DA:2,2
DA:3,2
DA:4,2
DA:6,2
DA:56,2
DA:76,2
DA:77,2
DA:78,2
DA:81,2
DA:82,2
DA:83,2
DA:84,2
DA:85,2
DA:86,2
DA:87,2
DA:93,2
DA:94,0
DA:95,0
DA:96,0
DA:97,0
DA:98,0
DA:99,0
DA:103,0
DA:104,0
DA:105,0
DA:106,0
DA:107,0
DA:108,0
DA:109,0
DA:110,0
DA:111,0
DA:112,0
DA:113,0
DA:114,0
DA:115,0
DA:118,0
DA:119,0
DA:120,0
DA:121,0
DA:122,0
DA:123,0
DA:125,0
DA:126,0
DA:131,0
DA:136,0
DA:137,0
DA:138,0
DA:139,0
DA:141,0
DA:142,0
DA:143,0
DA:145,0
DA:146,0
DA:147,0
DA:148,0
DA:154,0
DA:155,0
DA:156,0
DA:157,0
DA:159,0
DA:160,0
DA:161,0
DA:164,0
DA:166,0
DA:173,0
DA:179,0
DA:180,0
DA:181,0
DA:183,0
DA:184,0
DA:185,0
DA:188,0
DA:189,0
DA:190,0
DA:191,0
DA:196,0
DA:197,0
DA:198,0
DA:202,0
DA:203,0
DA:204,0
DA:208,0
DA:209,0
DA:210,0
DA:211,0
DA:216,0
DA:217,0
DA:218,0
DA:222,0
DA:223,0
DA:224,0
DA:225,0
DA:226,0
DA:227,0
DA:230,0
DA:234,0
DA:235,0
DA:236,0
DA:237,0
DA:238,0
DA:239,0
DA:240,0
DA:241,0
DA:247,0
DA:248,0
DA:249,0
DA:250,0
DA:251,0
DA:252,0
DA:253,0
DA:255,0
DA:256,0
DA:258,0
DA:259,0
DA:261,0
DA:262,0
DA:263,0
DA:264,0
DA:265,0
DA:271,0
DA:272,0
DA:273,0
DA:277,0
DA:278,0
DA:279,0
DA:283,0
DA:284,0
DA:285,0
DA:286,0
DA:291,0
DA:292,0
DA:293,0
DA:294,0
DA:299,0
DA:300,0
DA:301,0
DA:305,0
DA:306,0
DA:307,0
DA:308,0
DA:312,0
DA:313,0
DA:314,0
DA:315,0
DA:319,0
DA:320,0
DA:321,0
DA:322,0
DA:326,0
DA:327,0
DA:328,0
DA:332,0
DA:333,0
DA:334,0
DA:338,0
DA:339,0
DA:340,0
DA:344,0
DA:345,0
DA:346,0
DA:350,0
DA:351,0
DA:352,0
DA:356,0
DA:357,0
DA:358,0
DA:361,0
DA:362,0
DA:363,0
DA:367,0
DA:368,0
DA:369,0
DA:370,0
DA:371,0
DA:372,0
DA:374,0
DA:381,0
DA:382,0
DA:383,0
DA:385,0
DA:388,0
DA:389,0
DA:390,0
DA:391,0
DA:392,0
DA:393,0
DA:394,0
DA:398,0
DA:399,0
DA:401,0
DA:402,0
DA:403,0
DA:405,0
DA:406,0
DA:411,0
DA:412,0
DA:413,0
DA:414,0
DA:419,0
DA:423,0
DA:427,0
DA:431,0
DA:435,0
DA:436,0
DA:437,0
DA:438,0
DA:440,0
DA:441,0
DA:442,0
DA:443,0
DA:452,0
DA:453,0
DA:455,0
DA:456,0
DA:457,0
DA:458,0
DA:460,0
DA:470,0
DA:475,0
DA:476,0
DA:477,0
DA:479,0
DA:480,0
DA:481,0
DA:482,0
DA:486,0
DA:487,0
DA:488,0
DA:489,0
DA:490,0
DA:491,0
DA:492,0
DA:493,0
DA:495,0
DA:496,0
DA:497,0
DA:498,0
DA:499,0
DA:500,0
DA:501,0
DA:503,0
DA:504,0
DA:505,0
DA:509,0
DA:510,0
DA:511,0
DA:514,0
DA:515,0
DA:516,0
DA:517,0
DA:518,0
DA:519,0
DA:520,0
DA:522,0
DA:526,0
DA:527,0
DA:528,0
DA:529,0
DA:530,0
DA:534,0
DA:538,0
DA:539,0
DA:541,0
DA:542,0
DA:543,0
DA:544,0
DA:547,0
DA:548,0
DA:549,0
DA:550,0
DA:551,0
DA:552,0
DA:553,0
DA:554,0
DA:555,0
DA:557,0
DA:559,0
DA:560,0
DA:561,0
DA:566,0
DA:567,0
DA:570,0
DA:571,0
DA:572,0
DA:575,0
DA:577,0
DA:578,0
DA:579,0
DA:581,0
DA:582,0
DA:583,0
DA:585,0
DA:586,0
DA:587,0
DA:589,0
DA:590,0
DA:591,0
DA:593,0
DA:594,0
DA:595,0
DA:597,0
DA:598,0
DA:599,0
DA:602,0
DA:603,0
DA:605,0
DA:613,0
DA:614,0
DA:615,0
DA:616,0
DA:617,0
DA:620,0
DA:622,0
DA:623,0
DA:624,0
DA:625,0
DA:654,0
DA:657,0
DA:663,0
DA:671,0
DA:672,0
DA:677,0
DA:678,0
DA:680,0
DA:682,0
DA:683,0
DA:684,0
DA:687,0
DA:688,0
DA:689,0
DA:690,0
DA:694,0
DA:702,0
DA:705,0
DA:707,0
DA:708,0
DA:709,0
DA:715,0
DA:716,0
DA:719,0
DA:723,0
DA:724,0
DA:725,0
DA:726,0
DA:727,0
DA:730,0
DA:731,0
DA:732,0
DA:736,0
DA:737,0
DA:738,0
DA:743,0
DA:744,0
DA:748,0
DA:750,0
DA:751,0
DA:753,0
DA:756,0
DA:761,0
DA:762,0
DA:763,0
DA:764,0
DA:766,0
DA:772,0
DA:773,0
DA:774,0
DA:775,0
DA:779,0
DA:780,0
DA:781,0
DA:782,0
DA:784,0
DA:788,0
DA:789,0
DA:792,0
DA:812,0
DA:813,0
DA:814,0
DA:818,0
DA:819,0
DA:821,0
DA:822,0
DA:825,0
DA:826,0
DA:827,0
DA:831,0
DA:832,0
DA:833,0
DA:834,0
DA:835,0
DA:839,0
DA:842,0
DA:843,0
DA:844,0
DA:845,0
DA:846,0
DA:848,0
DA:849,0
DA:858,0
DA:861,0
DA:862,0
DA:863,0
DA:864,0
DA:865,0
DA:866,0
DA:867,0
DA:868,0
DA:873,0
DA:874,0
DA:875,0
DA:881,0
DA:886,0
DA:887,0
DA:891,0
DA:892,0
DA:893,0
DA:896,0
DA:897,0
DA:898,0
DA:900,0
DA:902,0
DA:903,0
DA:906,0
DA:907,0
DA:908,0
DA:911,0
DA:912,0
DA:915,0
DA:916,0
DA:921,0
DA:923,0
DA:924,0
DA:926,0
DA:931,0
DA:934,0
DA:935,0
DA:936,0
DA:937,0
DA:939,0
DA:943,0
DA:944,0
DA:947,0
DA:948,0
DA:951,0
DA:952,0
DA:954,0
DA:955,0
DA:958,0
DA:959,0
DA:962,0
DA:963,0
DA:964,0
DA:965,0
DA:969,0
DA:970,0
DA:971,0
DA:975,0
DA:994,0
DA:999,0
DA:1000,0
DA:1001,0
DA:1002,0
DA:1007,0
DA:1008,0
DA:1009,0
DA:1014,0
DA:1015,0
DA:1016,0
DA:1017,0
DA:1018,0
DA:1019,0
DA:1020,0
DA:1021,0
DA:1022,0
DA:1024,0
DA:1027,0
DA:1030,0
DA:1034,0
DA:1035,0
DA:1036,0
DA:1037,0
DA:1039,0
DA:1042,0
DA:1046,0
DA:1047,0
DA:1049,0
DA:1051,0
DA:1052,0
DA:1054,0
DA:1055,0
DA:1057,0
DA:1058,0
DA:1059,0
DA:1061,0
DA:1062,0
DA:1064,0
DA:1066,0
DA:1067,0
DA:1069,0
DA:1070,0
DA:1072,0
DA:1073,0
DA:1074,0
DA:1076,0
DA:1077,0
DA:1079,0
DA:1080,0
DA:1082,0
DA:1083,0
DA:1085,0
DA:1086,0
DA:1088,0
DA:1089,0
DA:1091,0
DA:1092,0
DA:1094,0
DA:1095,0
DA:1097,0
DA:1098,0
DA:1100,0
DA:1101,0
DA:1107,0
DA:1109,0
DA:1110,0
DA:1112,0
DA:1114,0
DA:1115,0
DA:1117,0
DA:1118,0
DA:1119,0
DA:1120,0
DA:1122,0
DA:1124,0
DA:1125,0
DA:1126,0
DA:1127,0
DA:1129,0
DA:1131,0
DA:1132,0
DA:1134,0
DA:1135,0
DA:1136,0
DA:1138,0
DA:1143,0
DA:1144,0
DA:1145,0
DA:1146,0
DA:1147,0
DA:1150,0
DA:1151,0
DA:1152,0
DA:1153,0
DA:1156,0
DA:1157,0
DA:1160,0
DA:1161,0
DA:1162,0
DA:1167,0
DA:1168,0
DA:1169,0
DA:1171,0
DA:1172,0
DA:1173,0
DA:1174,0
DA:1177,0
DA:1178,0
DA:1179,0
DA:1181,0
DA:1184,0
DA:1188,0
DA:1189,0
DA:1193,0
DA:1194,0
DA:1195,0
DA:1197,0
DA:1198,0
DA:1199,0
DA:1200,0
DA:1201,0
DA:1202,0
DA:1203,0
DA:1204,0
DA:1205,0
DA:1206,0
DA:1207,0
DA:1209,0
DA:1210,0
DA:1211,0
DA:1212,0
DA:1214,0
DA:1217,0
DA:1219,0
DA:1221,0
DA:1222,0
DA:1223,0
DA:1228,0
DA:1229,0
DA:1230,0
DA:1233,2
DA:1234,2
DA:1237,0
DA:1238,0
DA:1239,0
DA:1242,0
DA:1243,0
DA:1244,0
DA:1245,0
DA:1246,0
DA:1250,0
DA:1252,0
DA:1253,0
DA:1255,0
DA:1256,0
DA:1258,0
DA:1259,0
DA:1260,0
DA:1264,0
DA:1265,0
DA:1267,0
DA:1268,0
DA:1269,0
DA:1270,0
DA:1272,0
DA:1273,0
DA:1274,0
DA:1275,0
DA:1278,0
DA:1279,0
DA:1280,0
DA:1282,0
DA:1285,0
DA:1286,0
DA:1289,0
DA:1290,0
DA:1291,0
DA:1292,0
DA:1295,0
DA:1298,0
DA:1299,0
DA:1302,0
DA:1304,0
DA:1307,0
DA:1308,0
DA:1309,0
DA:1310,0
DA:1311,0
DA:1312,0
DA:1314,0
DA:1315,0
DA:1318,0
DA:1319,0
DA:1320,0
DA:1321,0
DA:1322,0
DA:1324,0
DA:1326,0
DA:1333,0
DA:1334,0
DA:1335,0
DA:1339,0
DA:1343,0
DA:1344,0
DA:1345,0
DA:1346,0
DA:1350,0
DA:1351,0
DA:1352,0
DA:1355,0
DA:1356,0
DA:1357,0
DA:1359,0
DA:1360,0
DA:1361,0
DA:1365,0
DA:1366,0
DA:1368,0
DA:1369,0
DA:1371,0
DA:1372,0
DA:1373,0
DA:1374,0
DA:1376,0
DA:1384,0
DA:1385,0
DA:1386,0
DA:1387,0
DA:1388,0
DA:1390,0
DA:1391,0
DA:1392,0
DA:1393,0
DA:1394,0
DA:1398,0
DA:1401,0
DA:1402,0
DA:1405,0
DA:1406,0
DA:1408,0
DA:1409,0
DA:1410,0
DA:1411,0
DA:1413,0
DA:1414,0
DA:1415,0
DA:1416,0
DA:1417,0
DA:1418,0
DA:1419,0
DA:1420,0
DA:1421,0
DA:1422,0
DA:1423,0
DA:1424,0
DA:1430,0
DA:1432,0
DA:1433,0
DA:1434,0
DA:1435,0
DA:1440,0
DA:1441,0
DA:1445,0
DA:1446,0
DA:1447,0
DA:1449,0
DA:1450,0
DA:1451,0
DA:1452,0
DA:1453,0
DA:1454,0
DA:1455,0
DA:1456,0
DA:1457,0
DA:1459,0
DA:1460,0
DA:1461,0
DA:1462,0
DA:1464,0
DA:1467,0
DA:1468,0
DA:1470,0
DA:1471,0
DA:1472,0
DA:1473,0
DA:1477,0
DA:1481,0
DA:1482,0
DA:1483,0
DA:1484,0
DA:1485,0
DA:1486,0
DA:1487,0
DA:1488,0
DA:1489,0
DA:1490,0
DA:1492,0
DA:1493,0
DA:1494,0
DA:1495,0
DA:1499,0
DA:1500,0
DA:1504,0
DA:1505,0
DA:1507,0
DA:1510,0
DA:1513,0
DA:1514,0
DA:1516,0
DA:1519,0
DA:1522,0
DA:1528,0
DA:1531,0
DA:1532,0
DA:1533,0
DA:1537,0
DA:1538,0
DA:1539,0
DA:1543,0
DA:1544,0
DA:1545,0
DA:1546,0
DA:1551,0
DA:1554,0
DA:1555,0
DA:1557,0
DA:1558,0
DA:1559,0
DA:1560,0
DA:1562,0
DA:1569,0
DA:1570,0
DA:1571,0
DA:1572,0
DA:1573,0
DA:1575,0
DA:1576,0
DA:1577,0
DA:1578,0
DA:1581,0
DA:1585,0
DA:1586,0
DA:1590,0
DA:1591,0
DA:1592,0
DA:1595,0
DA:1596,0
DA:1598,0
DA:1599,0
DA:1603,0
DA:1605,0
DA:1606,0
DA:1608,0
DA:1609,0
DA:1611,0
DA:1612,0
DA:1613,0
DA:1615,0
DA:1616,0
DA:1617,0
DA:1618,0
DA:1619,0
DA:1621,0
DA:1629,0
DA:1632,0
DA:1637,0
DA:1638,0
DA:1639,0
DA:1640,0
DA:1641,0
DA:1644,0
DA:1646,0
DA:1647,0
DA:1648,0
DA:1649,0
DA:1652,0
DA:1654,0
DA:1656,0
DA:1657,0
DA:1658,0
DA:1659,0
DA:1660,0
DA:1662,0
DA:1663,0
DA:1664,0
DA:1665,0
DA:1666,0
DA:1667,0
DA:1669,0
DA:1670,0
DA:1672,0
DA:1673,0
DA:1676,0
DA:1684,0
DA:1687,0
DA:1691,0
DA:1692,0
DA:1693,0
DA:1697,0
DA:1698,0
DA:1702,0
DA:1703,0
DA:1704,0
DA:1706,0
DA:1707,0
DA:1712,0
DA:1714,0
DA:1726,0
DA:1727,0
DA:1728,0
DA:1731,0
DA:1732,0
DA:1734,0
DA:1735,0
DA:1737,0
DA:1738,0
DA:1740,0
DA:1741,0
DA:1743,0
DA:1744,0
DA:1746,0
DA:1747,0
DA:1749,0
DA:1750,0
DA:1752,0
DA:1753,0
DA:1755,0
DA:1756,0
DA:1758,0
DA:1759,0
DA:1761,0
DA:1764,0
DA:1768,0
DA:1769,0
DA:1771,0
DA:1772,0
DA:1773,0
DA:1774,0
DA:1776,0
DA:1777,0
DA:1778,0
DA:1783,0
DA:1786,0
DA:1787,0
DA:1790,0
DA:1792,0
DA:1793,0
DA:1794,0
DA:1797,0
DA:1798,0
DA:1800,0
DA:1801,0
DA:1802,0
DA:1804,0
DA:1805,0
DA:1809,0
DA:1811,0
DA:1812,0
DA:1813,0
DA:1814,0
DA:1816,0
DA:1817,0
DA:1818,0
DA:1819,0
DA:1820,0
DA:1821,0
DA:1822,0
DA:1823,0
DA:1824,0
DA:1825,0
DA:1826,0
DA:1827,0
DA:1828,0
DA:1829,0
DA:1830,0
DA:1831,0
DA:1832,0
DA:1833,0
DA:1834,0
DA:1835,0
DA:1838,0
DA:1839,0
DA:1840,0
DA:1841,0
DA:1842,0
DA:1845,0
DA:1846,0
DA:1849,0
DA:1852,0
DA:1854,0
DA:1855,0
DA:1856,0
DA:1859,0
DA:1861,0
DA:1862,0
DA:1863,0
DA:1864,0
DA:1865,0
DA:1866,0
DA:1871,0
DA:1875,0
DA:1879,0
DA:1886,0
DA:1887,0
DA:1888,0
DA:1889,0
DA:1890,0
DA:1891,0
DA:1892,0
DA:1895,0
DA:1899,0
DA:1901,0
DA:1902,0
DA:1904,0
DA:1905,0
DA:1907,0
DA:1908,0
DA:1909,0
DA:1911,0
DA:1912,0
DA:1913,0
DA:1914,0
DA:1916,0
DA:1917,0
DA:1920,0
DA:1921,0
DA:1922,0
DA:1923,0
DA:1924,0
DA:1925,0
DA:1927,0
DA:1930,0
DA:1931,0
DA:1932,0
DA:1933,0
DA:1934,0
DA:1937,0
DA:1938,0
DA:1939,0
DA:1940,0
DA:1941,0
DA:1942,0
DA:1943,0
DA:1945,0
DA:1948,0
DA:1949,0
DA:1950,0
DA:1951,0
DA:1952,0
DA:1953,0
DA:1954,0
DA:1960,0
DA:1961,0
DA:1962,0
DA:1963,0
DA:1964,0
DA:1965,0
DA:1966,0
DA:1967,0
DA:1968,0
DA:1969,0
DA:1971,0
DA:1972,0
DA:1973,0
DA:1979,0
DA:1987,0
DA:1991,0
DA:1999,0
DA:2003,2
DA:2006,0
DA:2007,0
DA:2008,0
DA:2010,0
DA:2011,0
DA:2013,0
DA:2014,0
DA:2016,0
DA:2017,0
DA:2019,0
DA:2020,0
DA:2022,0
DA:2024,0
DA:2030,0
DA:2031,0
DA:2032,0
DA:2035,0
DA:2036,0
DA:2040,0
DA:2041,0
DA:2042,0
DA:2044,0
DA:2045,0
DA:2047,0
DA:2048,0
DA:2050,0
DA:2051,0
DA:2053,0
DA:2054,0
DA:2056,0
DA:2057,0
DA:2059,0
DA:2060,0
DA:2062,0
DA:2063,0
DA:2064,0
DA:2066,0
DA:2067,0
DA:2069,0
DA:2070,0
DA:2071,0
DA:2072,0
DA:2074,0
DA:2075,0
DA:2076,0
DA:2078,0
DA:2079,0
DA:2080,0
DA:2081,0
DA:2084,0
DA:2086,0
DA:2092,0
DA:2096,0
DA:2097,0
DA:2098,0
DA:2099,0
DA:2101,0
DA:2105,0
DA:2106,0
DA:2107,0
DA:2112,0
DA:2113,0
DA:2114,0
DA:2116,0
DA:2117,0
DA:2121,0
DA:2122,0
DA:2124,0
DA:2125,0
DA:2130,0
DA:2131,0
DA:2132,0
DA:2133,0
DA:2134,0
DA:2140,0
DA:2141,0
DA:2142,0
DA:2143,0
DA:2144,0
DA:2145,0
DA:2148,0
DA:2149,0
DA:2150,0
DA:2152,0
DA:2153,0
DA:2154,0
DA:2158,0
DA:2159,0
DA:2160,0
DA:2164,0
DA:2165,0
DA:2166,0
DA:2167,0
DA:2168,0
DA:2172,0
DA:2175,0
DA:2176,0
DA:2178,0
DA:2179,0
DA:2181,0
DA:2184,0
DA:2187,0
DA:2188,0
DA:2190,0
DA:2191,0
DA:2193,0
DA:2199,0
DA:2200,0
DA:2201,0
DA:2204,0
DA:2205,0
DA:2207,0
DA:2210,0
DA:2211,0
DA:2212,0
DA:2219,0
DA:2220,0
DA:2221,0
DA:2222,0
DA:2224,0
DA:2227,0
DA:2228,0
DA:2231,0
DA:2232,0
DA:2233,0
DA:2239,0
DA:2240,0
DA:2241,0
DA:2245,0
DA:2246,0
DA:2253,0
LF:1158
LH:19
BRDA:120,0,0,0
BRDA:120,0,1,0
BRDA:139,1,0,0
BRDA:139,1,1,0
BRDA:141,2,0,0
BRDA:141,2,1,0
BRDA:155,3,0,0
BRDA:155,3,1,0
BRDA:160,4,0,0
BRDA:160,4,1,0
BRDA:160,5,0,0
BRDA:160,5,1,0
BRDA:210,6,0,0
BRDA:210,6,1,0
BRDA:223,7,0,0
BRDA:223,7,1,0
BRDA:235,8,0,0
BRDA:235,8,1,0
BRDA:237,9,0,0
BRDA:237,9,1,0
BRDA:261,10,0,0
BRDA:261,10,1,0
BRDA:263,11,0,0
BRDA:263,11,1,0
BRDA:285,12,0,0
BRDA:285,12,1,0
BRDA:293,13,0,0
BRDA:293,13,1,0
BRDA:369,14,0,0
BRDA:369,14,1,0
BRDA:389,15,0,0
BRDA:389,15,1,0
BRDA:389,16,0,0
BRDA:389,16,1,0
BRDA:391,17,0,0
BRDA:391,17,1,0
BRDA:392,18,0,0
BRDA:392,18,1,0
BRDA:393,19,0,0
BRDA:393,19,1,0
BRDA:394,20,0,0
BRDA:394,20,1,0
BRDA:401,21,0,0
BRDA:401,21,1,0
BRDA:401,22,0,0
BRDA:401,22,1,0
BRDA:412,23,0,0
BRDA:412,23,1,0
BRDA:434,24,0,0
BRDA:434,25,0,0
BRDA:441,26,0,0
BRDA:441,26,1,0
BRDA:464,27,0,0
BRDA:464,27,1,0
BRDA:464,28,0,0
BRDA:464,28,1,0
BRDA:479,29,0,0
BRDA:479,29,1,0
BRDA:495,30,0,0
BRDA:495,30,1,0
BRDA:496,31,0,0
BRDA:496,31,1,0
BRDA:497,32,0,0
BRDA:497,32,1,0
BRDA:498,33,0,0
BRDA:498,33,1,0
BRDA:498,34,0,0
BRDA:498,34,1,0
BRDA:499,35,0,0
BRDA:499,35,1,0
BRDA:500,36,0,0
BRDA:500,36,1,0
BRDA:501,37,0,0
BRDA:501,37,1,0
BRDA:501,38,0,0
BRDA:501,38,1,0
BRDA:503,39,0,0
BRDA:503,39,1,0
BRDA:504,40,0,0
BRDA:504,40,1,0
BRDA:505,41,0,0
BRDA:505,41,1,0
BRDA:505,42,0,0
BRDA:505,42,1,0
BRDA:510,43,0,0
BRDA:510,43,1,0
BRDA:514,44,0,0
BRDA:514,44,1,0
BRDA:514,45,0,0
BRDA:514,45,1,0
BRDA:519,46,0,0
BRDA:519,46,1,0
BRDA:548,47,0,0
BRDA:548,47,1,0
BRDA:575,48,0,0
BRDA:575,48,1,0
BRDA:575,48,2,0
BRDA:575,48,3,0
BRDA:575,48,4,0
BRDA:575,48,5,0
BRDA:615,49,0,0
BRDA:615,49,1,0
BRDA:633,50,0,0
BRDA:633,50,1,0
BRDA:639,51,0,0
BRDA:639,51,1,0
BRDA:645,52,0,0
BRDA:645,52,1,0
BRDA:651,53,0,0
BRDA:651,53,1,0
BRDA:678,54,0,0
BRDA:678,54,1,0
BRDA:683,55,0,0
BRDA:683,55,1,0
BRDA:687,56,0,0
BRDA:687,56,1,0
BRDA:689,57,0,0
BRDA:689,57,1,0
BRDA:689,58,0,0
BRDA:689,58,1,0
BRDA:715,59,0,0
BRDA:715,59,1,0
BRDA:723,60,0,0
BRDA:723,60,1,0
BRDA:725,61,0,0
BRDA:725,61,1,0
BRDA:730,62,0,0
BRDA:730,62,1,0
BRDA:736,63,0,0
BRDA:736,63,1,0
BRDA:738,64,0,0
BRDA:738,64,1,0
BRDA:748,65,0,0
BRDA:748,65,1,0
BRDA:773,66,0,0
BRDA:773,66,1,0
BRDA:779,67,0,0
BRDA:779,67,1,0
BRDA:813,68,0,0
BRDA:813,68,1,0
BRDA:819,69,0,0
BRDA:819,69,1,0
BRDA:822,70,0,0
BRDA:822,70,1,0
BRDA:833,71,0,0
BRDA:833,71,1,0
BRDA:844,72,0,0
BRDA:844,72,1,0
BRDA:845,73,0,0
BRDA:845,73,1,0
BRDA:846,74,0,0
BRDA:846,74,1,0
BRDA:850,75,0,0
BRDA:850,75,1,0
BRDA:865,76,0,0
BRDA:865,76,1,0
BRDA:865,77,0,0
BRDA:865,77,1,0
BRDA:873,78,0,0
BRDA:873,78,1,0
BRDA:886,79,0,0
BRDA:886,79,1,0
BRDA:891,80,0,0
BRDA:891,80,1,0
BRDA:892,81,0,0
BRDA:892,81,1,0
BRDA:896,82,0,0
BRDA:896,82,1,0
BRDA:921,83,0,0
BRDA:921,83,1,0
BRDA:921,84,0,0
BRDA:921,84,1,0
BRDA:923,85,0,0
BRDA:923,85,1,0
BRDA:934,86,0,0
BRDA:934,86,1,0
BRDA:952,87,0,0
BRDA:952,87,1,0
BRDA:955,88,0,0
BRDA:955,88,1,0
BRDA:959,89,0,0
BRDA:959,89,1,0
BRDA:963,90,0,0
BRDA:963,90,1,0
BRDA:969,91,0,0
BRDA:969,91,1,0
BRDA:1001,92,0,0
BRDA:1001,92,1,0
BRDA:1007,93,0,0
BRDA:1007,93,1,0
BRDA:1014,94,0,0
BRDA:1014,94,1,0
BRDA:1017,95,0,0
BRDA:1017,95,1,0
BRDA:1021,96,0,0
BRDA:1021,96,1,0
BRDA:1049,97,0,0
BRDA:1049,97,1,0
BRDA:1049,97,2,0
BRDA:1049,97,3,0
BRDA:1049,97,4,0
BRDA:1049,97,5,0
BRDA:1049,97,6,0
BRDA:1049,97,7,0
BRDA:1049,97,8,0
BRDA:1049,97,9,0
BRDA:1049,97,10,0
BRDA:1049,97,11,0
BRDA:1049,97,12,0
BRDA:1049,97,13,0
BRDA:1049,97,14,0
BRDA:1049,97,15,0
BRDA:1049,97,16,0
BRDA:1049,97,17,0
BRDA:1049,97,18,0
BRDA:1049,97,19,0
BRDA:1049,97,20,0
BRDA:1049,97,21,0
BRDA:1049,97,22,0
BRDA:1049,97,23,0
BRDA:1061,98,0,0
BRDA:1061,98,1,0
BRDA:1097,99,0,0
BRDA:1097,99,1,0
BRDA:1097,100,0,0
BRDA:1097,100,1,0
BRDA:1119,101,0,0
BRDA:1119,101,1,0
BRDA:1126,102,0,0
BRDA:1126,102,1,0
BRDA:1151,103,0,0
BRDA:1151,103,1,0
BRDA:1160,104,0,0
BRDA:1160,104,1,0
BRDA:1174,105,0,0
BRDA:1174,105,1,0
BRDA:1178,106,0,0
BRDA:1178,106,1,0
BRDA:1185,107,0,0
BRDA:1185,107,1,0
BRDA:1185,108,0,0
BRDA:1185,108,1,0
BRDA:1188,109,0,0
BRDA:1188,109,1,0
BRDA:1189,110,0,0
BRDA:1189,110,1,0
BRDA:1193,111,0,0
BRDA:1193,111,1,0
BRDA:1193,112,0,0
BRDA:1193,112,1,0
BRDA:1200,113,0,0
BRDA:1200,113,1,0
BRDA:1203,114,0,0
BRDA:1203,114,1,0
BRDA:1206,115,0,0
BRDA:1206,115,1,0
BRDA:1210,116,0,0
BRDA:1210,116,1,0
BRDA:1239,117,0,0
BRDA:1239,117,1,0
BRDA:1243,118,0,0
BRDA:1243,118,1,0
BRDA:1252,119,0,0
BRDA:1252,119,1,0
BRDA:1252,120,0,0
BRDA:1252,120,1,0
BRDA:1255,121,0,0
BRDA:1255,121,1,0
BRDA:1272,122,0,0
BRDA:1272,122,1,0
BRDA:1272,123,0,0
BRDA:1272,123,1,0
BRDA:1272,123,2,0
BRDA:1272,123,3,0
BRDA:1278,124,0,0
BRDA:1278,124,1,0
BRDA:1280,125,0,0
BRDA:1280,125,1,0
BRDA:1286,126,0,0
BRDA:1286,126,1,0
BRDA:1289,127,0,0
BRDA:1289,127,1,0
BRDA:1307,128,0,0
BRDA:1307,128,1,0
BRDA:1307,129,0,0
BRDA:1307,129,1,0
BRDA:1307,129,2,0
BRDA:1312,130,0,0
BRDA:1312,130,1,0
BRDA:1315,131,0,0
BRDA:1315,131,1,0
BRDA:1318,132,0,0
BRDA:1318,132,1,0
BRDA:1344,133,0,0
BRDA:1344,133,1,0
BRDA:1344,134,0,0
BRDA:1344,134,1,0
BRDA:1351,135,0,0
BRDA:1351,135,1,0
BRDA:1359,136,0,0
BRDA:1359,136,1,0
BRDA:1359,137,0,0
BRDA:1359,137,1,0
BRDA:1359,137,2,0
BRDA:1393,138,0,0
BRDA:1393,138,1,0
BRDA:1401,139,0,0
BRDA:1401,139,1,0
BRDA:1411,140,0,0
BRDA:1411,140,1,0
BRDA:1414,141,0,0
BRDA:1414,141,1,0
BRDA:1416,142,0,0
BRDA:1416,142,1,0
BRDA:1420,143,0,0
BRDA:1420,143,1,0
BRDA:1422,144,0,0
BRDA:1422,144,1,0
BRDA:1432,145,0,0
BRDA:1432,145,1,0
BRDA:1434,146,0,0
BRDA:1434,146,1,0
BRDA:1445,147,0,0
BRDA:1445,147,1,0
BRDA:1450,148,0,0
BRDA:1450,148,1,0
BRDA:1453,149,0,0
BRDA:1453,149,1,0
BRDA:1456,150,0,0
BRDA:1456,150,1,0
BRDA:1460,151,0,0
BRDA:1460,151,1,0
BRDA:1470,152,0,0
BRDA:1470,152,1,0
BRDA:1483,153,0,0
BRDA:1483,153,1,0
BRDA:1486,154,0,0
BRDA:1486,154,1,0
BRDA:1489,155,0,0
BRDA:1489,155,1,0
BRDA:1493,156,0,0
BRDA:1493,156,1,0
BRDA:1510,157,0,0
BRDA:1510,157,1,0
BRDA:1513,158,0,0
BRDA:1513,158,1,0
BRDA:1531,159,0,0
BRDA:1531,159,1,0
BRDA:1532,160,0,0
BRDA:1532,160,1,0
BRDA:1537,161,0,0
BRDA:1537,161,1,0
BRDA:1538,162,0,0
BRDA:1538,162,1,0
BRDA:1545,163,0,0
BRDA:1545,163,1,0
BRDA:1590,164,0,0
BRDA:1590,164,1,0
BRDA:1603,165,0,0
BRDA:1603,165,1,0
BRDA:1605,166,0,0
BRDA:1605,166,1,0
BRDA:1606,167,0,0
BRDA:1606,167,1,0
BRDA:1617,168,0,0
BRDA:1617,168,1,0
BRDA:1618,169,0,0
BRDA:1618,169,1,0
BRDA:1619,170,0,0
BRDA:1619,170,1,0
BRDA:1622,171,0,0
BRDA:1622,171,1,0
BRDA:1626,172,0,0
BRDA:1626,172,1,0
BRDA:1639,173,0,0
BRDA:1639,173,1,0
BRDA:1647,174,0,0
BRDA:1647,174,1,0
BRDA:1654,175,0,0
BRDA:1654,175,1,0
BRDA:1654,176,0,0
BRDA:1654,176,1,0
BRDA:1672,177,0,0
BRDA:1672,177,1,0
BRDA:1677,178,0,0
BRDA:1677,178,1,0
BRDA:1681,179,0,0
BRDA:1681,179,1,0
BRDA:1693,180,0,0
BRDA:1693,180,1,0
BRDA:1698,181,0,0
BRDA:1698,181,1,0
BRDA:1732,182,0,0
BRDA:1732,182,1,0
BRDA:1732,182,2,0
BRDA:1732,182,3,0
BRDA:1732,182,4,0
BRDA:1732,182,5,0
BRDA:1732,182,6,0
BRDA:1732,182,7,0
BRDA:1732,182,8,0
BRDA:1732,182,9,0
BRDA:1767,183,0,0
BRDA:1767,184,0,0
BRDA:1769,185,0,0
BRDA:1769,185,1,0
BRDA:1787,186,0,0
BRDA:1787,186,1,0
BRDA:1797,187,0,0
BRDA:1797,187,1,0
BRDA:1797,188,0,0
BRDA:1797,188,1,0
BRDA:1798,189,0,0
BRDA:1798,189,1,0
BRDA:1798,189,2,0
BRDA:1800,190,0,0
BRDA:1800,190,1,0
BRDA:1802,191,0,0
BRDA:1802,191,1,0
BRDA:1804,192,0,0
BRDA:1804,192,1,0
BRDA:1809,193,0,0
BRDA:1809,193,1,0
BRDA:1816,194,0,0
BRDA:1816,194,1,0
BRDA:1816,195,0,0
BRDA:1816,195,1,0
BRDA:1816,195,2,0
BRDA:1820,196,0,0
BRDA:1820,196,1,0
BRDA:1824,197,0,0
BRDA:1824,197,1,0
BRDA:1824,198,0,0
BRDA:1824,198,1,0
BRDA:1828,199,0,0
BRDA:1828,199,1,0
BRDA:1832,200,0,0
BRDA:1832,200,1,0
BRDA:1838,201,0,0
BRDA:1838,201,1,0
BRDA:1838,202,0,0
BRDA:1838,202,1,0
BRDA:1840,203,0,0
BRDA:1840,203,1,0
BRDA:1845,204,0,0
BRDA:1845,204,1,0
BRDA:1845,205,0,0
BRDA:1845,205,1,0
BRDA:1846,206,0,0
BRDA:1846,206,1,0
BRDA:1855,207,0,0
BRDA:1855,207,1,0
BRDA:1855,208,0,0
BRDA:1855,208,1,0
BRDA:1856,209,0,0
BRDA:1856,209,1,0
BRDA:1859,210,0,0
BRDA:1859,210,1,0
BRDA:1862,211,0,0
BRDA:1862,211,1,0
BRDA:1866,212,0,0
BRDA:1866,212,1,0
BRDA:1875,213,0,0
BRDA:1875,213,1,0
BRDA:1888,214,0,0
BRDA:1888,214,1,0
BRDA:1898,215,0,0
BRDA:1898,216,0,0
BRDA:1899,217,0,0
BRDA:1899,217,1,0
BRDA:1899,218,0,0
BRDA:1899,218,1,0
BRDA:1902,219,0,0
BRDA:1902,219,1,0
BRDA:1905,220,0,0
BRDA:1905,220,1,0
BRDA:1953,221,0,0
BRDA:1953,221,1,0
BRDA:1954,222,0,0
BRDA:1954,222,1,0
BRDA:1960,223,0,0
BRDA:1960,223,1,0
BRDA:1973,224,0,0
BRDA:1973,224,1,0
BRDA:1987,225,0,0
BRDA:1987,225,1,0
BRDA:1999,226,0,0
BRDA:1999,226,1,0
BRDA:2003,227,0,2
BRDA:2003,227,1,0
BRDA:2005,228,0,0
BRDA:2035,229,0,0
BRDA:2035,229,1,0
BRDA:2040,230,0,0
BRDA:2040,230,1,0
BRDA:2041,231,0,0
BRDA:2041,231,1,0
BRDA:2042,232,0,0
BRDA:2042,232,1,0
BRDA:2042,232,2,0
BRDA:2042,232,3,0
BRDA:2042,232,4,0
BRDA:2042,232,5,0
BRDA:2042,232,6,0
BRDA:2042,232,7,0
BRDA:2042,232,8,0
BRDA:2042,232,9,0
BRDA:2042,232,10,0
BRDA:2042,232,11,0
BRDA:2042,232,12,0
BRDA:2104,233,0,0
BRDA:2114,234,0,0
BRDA:2114,234,1,0
BRDA:2116,235,0,0
BRDA:2116,235,1,0
BRDA:2116,236,0,0
BRDA:2116,236,1,0
BRDA:2121,237,0,0
BRDA:2121,237,1,0
BRDA:2131,238,0,0
BRDA:2131,238,1,0
BRDA:2132,239,0,0
BRDA:2132,239,1,0
BRDA:2141,240,0,0
BRDA:2141,240,1,0
BRDA:2145,241,0,0
BRDA:2145,241,1,0
BRDA:2148,242,0,0
BRDA:2148,242,1,0
BRDA:2152,243,0,0
BRDA:2152,243,1,0
BRDA:2159,244,0,0
BRDA:2159,244,1,0
BRDA:2164,245,0,0
BRDA:2164,245,1,0
BRDA:2172,246,0,0
BRDA:2172,246,1,0
BRDA:2172,247,0,0
BRDA:2172,247,1,0
BRDA:2187,248,0,0
BRDA:2187,248,1,0
BRDA:2190,249,0,0
BRDA:2190,249,1,0
BRDA:2200,250,0,0
BRDA:2200,250,1,0
BRDA:2204,251,0,0
BRDA:2204,251,1,0
BRDA:2204,252,0,0
BRDA:2204,252,1,0
BRDA:2210,253,0,0
BRDA:2210,253,1,0
BRDA:2210,254,0,0
BRDA:2210,254,1,0
BRDA:2210,254,2,0
BRDA:2221,255,0,0
BRDA:2221,255,1,0
BRDA:2222,256,0,0
BRDA:2222,256,1,0
BRDA:2227,257,0,0
BRDA:2227,257,1,0
BRDA:2228,258,0,0
BRDA:2228,258,1,0
BRDA:2228,259,0,0
BRDA:2228,259,1,0
BRDA:2239,260,0,0
BRDA:2239,260,1,0
BRDA:2245,261,0,0
BRDA:2245,261,1,0
BRDA:2245,262,0,0
BRDA:2245,262,1,0
BRF:570
BRH:1
end_of_record
